<?xml version="1.0" encoding="UTF-8"?>
<!-- Generated by org.testng.reporters.JUnitXMLReporter -->
<testsuite hostname="swapnil-PC" ignored="0" name="Default test" tests="4" failures="0" timestamp="28 Jul 2019 11:57:49 GMT" time="0.141" errors="0">
  <testcase name="sum" time="0.031" classname="test2.DemoTest"/>
  <testcase name="mul" time="0.0" classname="test2.DemoTest"/>
  <testcase name="div" time="0.0" classname="test2.DemoTest"/>
  <testcase name="sub" time="0.0" classname="test2.DemoTest"/>
</testsuite> <!-- Default test -->
