<?xml version="1.0" encoding="UTF-8"?>
<testng-results skipped="0" failed="0" ignored="0" total="4" passed="4">
  <reporter-output>
  </reporter-output>
  <suite name="test2.DemoTest" duration-ms="140" started-at="2019-07-28T11:48:59Z" finished-at="2019-07-28T11:48:59Z">
    <groups>
    </groups>
    <test name="Command line test" duration-ms="140" started-at="2019-07-28T11:48:59Z" finished-at="2019-07-28T11:48:59Z">
      <class name="test2.DemoTest">
        <test-method status="PASS" signature="div()[pri:0, instance:test2.DemoTest@4c203ea1]" name="div" duration-ms="47" started-at="2019-07-28T11:48:59Z" finished-at="2019-07-28T11:48:59Z">
          <reporter-output>
          </reporter-output>
        </test-method> <!-- div -->
        <test-method status="PASS" signature="mul()[pri:0, instance:test2.DemoTest@4c203ea1]" name="mul" duration-ms="0" started-at="2019-07-28T11:48:59Z" finished-at="2019-07-28T11:48:59Z">
          <reporter-output>
          </reporter-output>
        </test-method> <!-- mul -->
        <test-method status="PASS" signature="sub()[pri:0, instance:test2.DemoTest@4c203ea1]" name="sub" duration-ms="0" started-at="2019-07-28T11:48:59Z" finished-at="2019-07-28T11:48:59Z">
          <reporter-output>
          </reporter-output>
        </test-method> <!-- sub -->
        <test-method status="PASS" signature="sum()[pri:0, instance:test2.DemoTest@4c203ea1]" name="sum" duration-ms="0" started-at="2019-07-28T11:48:59Z" finished-at="2019-07-28T11:48:59Z">
          <reporter-output>
          </reporter-output>
        </test-method> <!-- sum -->
      </class> <!-- test2.DemoTest -->
    </test> <!-- Command line test -->
  </suite> <!-- test2.DemoTest -->
</testng-results>
