<?xml version="1.0" encoding="UTF-8"?>
<testng-results skipped="0" failed="0" ignored="0" total="4" passed="4">
  <reporter-output>
  </reporter-output>
  <suite name="Default suite" duration-ms="141" started-at="2019-07-28T11:57:49Z" finished-at="2019-07-28T11:57:49Z">
    <groups>
    </groups>
    <test name="Default test" duration-ms="141" started-at="2019-07-28T11:57:49Z" finished-at="2019-07-28T11:57:49Z">
      <class name="test2.DemoTest">
        <test-method status="PASS" signature="sum()[pri:0, instance:test2.DemoTest@5d5eef3d]" name="sum" duration-ms="31" started-at="2019-07-28T11:57:49Z" finished-at="2019-07-28T11:57:49Z">
          <reporter-output>
          </reporter-output>
        </test-method> <!-- sum -->
        <test-method status="PASS" signature="mul()[pri:1, instance:test2.DemoTest@5d5eef3d]" name="mul" duration-ms="0" started-at="2019-07-28T11:57:49Z" finished-at="2019-07-28T11:57:49Z">
          <reporter-output>
          </reporter-output>
        </test-method> <!-- mul -->
        <test-method status="PASS" signature="div()[pri:2, instance:test2.DemoTest@5d5eef3d]" name="div" duration-ms="0" started-at="2019-07-28T11:57:49Z" finished-at="2019-07-28T11:57:49Z">
          <reporter-output>
          </reporter-output>
        </test-method> <!-- div -->
        <test-method status="PASS" signature="sub()[pri:3, instance:test2.DemoTest@5d5eef3d]" name="sub" duration-ms="0" started-at="2019-07-28T11:57:49Z" finished-at="2019-07-28T11:57:49Z">
          <reporter-output>
          </reporter-output>
        </test-method> <!-- sub -->
      </class> <!-- test2.DemoTest -->
    </test> <!-- Default test -->
  </suite> <!-- Default suite -->
</testng-results>
